<?xml version="1.0" encoding="UTF-8"?>
<!-- Generated by org.testng.reporters.JUnitReportReporter -->
<testsuite hostname="DESKTOP-FN1EQP1" failures="0" tests="1" name="demo.FrameHandling" time="5.713" errors="0" timestamp="31 May 2024 12:03:13 GMT" skipped="0">
  <testcase classname="demo.FrameHandling" name="frameInteraction" time="5.713"/>
</testsuite> <!-- demo.FrameHandling -->
